Flow report for system
Mon Jun 16 01:32:55 2025
Quartus Prime Version 19.1.0 Build 670 09/22/2019 SJ Lite Edition


---------------------
; Table of Contents ;
---------------------
  1. Legal Notice
  2. Flow Summary
  3. Flow Settings
  4. Flow Non-Default Global Settings
  5. Flow Elapsed Time
  6. Flow OS Summary
  7. Flow Log
  8. Flow Messages
  9. Flow Suppressed Messages



----------------
; Legal Notice ;
----------------
Copyright (C) 2019  Intel Corporation. All rights reserved.
Your use of Intel Corporation's design tools, logic functions 
and other software and tools, and any partner logic 
functions, and any output files from any of the foregoing 
(including device programming or simulation files), and any 
associated documentation or information are expressly subject 
to the terms and conditions of the Intel Program License 
Subscription Agreement, the Intel Quartus Prime License Agreement,
the Intel FPGA IP License Agreement, or other applicable license
agreement, including, without limitation, that your use is for
the sole purpose of programming logic devices manufactured by
Intel and sold by Intel or its authorized distributors.  Please
refer to the applicable agreement for further details, at
https://fpgasoftware.intel.com/eula.



+-------------------------------------------------------------------------------+
; Flow Summary                                                                  ;
+---------------------------------+---------------------------------------------+
; Flow Status                     ; Successful - Mon Jun 16 01:32:55 2025       ;
; Quartus Prime Version           ; 19.1.0 Build 670 09/22/2019 SJ Lite Edition ;
; Revision Name                   ; system                                      ;
; Top-level Entity Name           ; system                                      ;
; Family                          ; Cyclone V                                   ;
; Device                          ; 5CSEMA5F31C6                                ;
; Timing Models                   ; Final                                       ;
; Logic utilization (in ALMs)     ; 2,125 / 32,070 ( 7 % )                      ;
; Total registers                 ; 2143                                        ;
; Total pins                      ; 73 / 457 ( 16 % )                           ;
; Total virtual pins              ; 0                                           ;
; Total block memory bits         ; 2,097,152 / 4,065,280 ( 52 % )              ;
; Total DSP Blocks                ; 0 / 87 ( 0 % )                              ;
; Total HSSI RX PCSs              ; 0                                           ;
; Total HSSI PMA RX Deserializers ; 0                                           ;
; Total HSSI TX PCSs              ; 0                                           ;
; Total HSSI PMA TX Serializers   ; 0                                           ;
; Total PLLs                      ; 1 / 6 ( 17 % )                              ;
; Total DLLs                      ; 0 / 4 ( 0 % )                               ;
+---------------------------------+---------------------------------------------+


+-----------------------------------------+
; Flow Settings                           ;
+-------------------+---------------------+
; Option            ; Setting             ;
+-------------------+---------------------+
; Start date & time ; 06/16/2025 01:10:46 ;
; Main task         ; Compilation         ;
; Revision Name     ; system              ;
+-------------------+---------------------+


+---------------------------------------------------------------------------------------------------------------------------------------------------------------------------------+
; Flow Non-Default Global Settings                                                                                                                                                ;
+-------------------------------------+-------------------------------------------------------------------------+---------------+-------------+-----------------------------------+
; Assignment Name                     ; Value                                                                   ; Default Value ; Entity Name ; Section Id                        ;
+-------------------------------------+-------------------------------------------------------------------------+---------------+-------------+-----------------------------------+
; COMPILER_SIGNATURE_ID               ; 141623898074257.175001824512576                                         ; --            ; --          ; --                                ;
; EDA_GENERATE_FUNCTIONAL_NETLIST     ; Off                                                                     ; --            ; --          ; eda_board_design_timing           ;
; EDA_GENERATE_FUNCTIONAL_NETLIST     ; Off                                                                     ; --            ; --          ; eda_board_design_boundary_scan    ;
; EDA_GENERATE_FUNCTIONAL_NETLIST     ; Off                                                                     ; --            ; --          ; eda_board_design_signal_integrity ;
; EDA_GENERATE_FUNCTIONAL_NETLIST     ; Off                                                                     ; --            ; --          ; eda_board_design_symbol           ;
; EDA_OUTPUT_DATA_FORMAT              ; Verilog Hdl                                                             ; --            ; --          ; eda_simulation                    ;
; EDA_SIMULATION_TOOL                 ; ModelSim-Altera (Verilog)                                               ; <None>        ; --          ; --                                ;
; EDA_TIME_SCALE                      ; 1 ps                                                                    ; --            ; --          ; eda_simulation                    ;
; MAX_CORE_JUNCTION_TEMP              ; 85                                                                      ; --            ; --          ; --                                ;
; MIN_CORE_JUNCTION_TEMP              ; 0                                                                       ; --            ; --          ; --                                ;
; MISC_FILE                           ; ../rtl/AES_DATA_mem_inst.v                                              ; --            ; --          ; --                                ;
; MISC_FILE                           ; ../rtl/AES_DATA_mem_bb.v                                                ; --            ; --          ; --                                ;
; MISC_FILE                           ; C:/Users/PC/Desktop/fyd/memory_write_VGA/rtl/vgamem_inst.v              ; --            ; --          ; --                                ;
; MISC_FILE                           ; C:/Users/PC/Desktop/fyd/memory_write_VGA/rtl/vgamem_bb.v                ; --            ; --          ; --                                ;
; MISC_FILE                           ; C:/Users/PC/Desktop/fyd/memory_write_VGA/rtl/dispmem_1_inst.v           ; --            ; --          ; --                                ;
; MISC_FILE                           ; C:/Users/PC/Desktop/fyd/memory_write_VGA/rtl/dispmem_1_bb.v             ; --            ; --          ; --                                ;
; MISC_FILE                           ; C:/Users/PC/Desktop/fyd/memory_write_VGA/rtl/dispmem_inst.v             ; --            ; --          ; --                                ;
; MISC_FILE                           ; C:/Users/PC/Desktop/fyd/memory_write_VGA/rtl/dispmem_bb.v               ; --            ; --          ; --                                ;
; MISC_FILE                           ; C:/Users/PC/Desktop/fyd/burning_riscv_vga/rtl/vga_pll.cmp               ; --            ; --          ; --                                ;
; MISC_FILE                           ; C:/Users/PC/Desktop/fyd/single_cycle_processor/memory/rtl/memory_inst.v ; --            ; --          ; --                                ;
; MISC_FILE                           ; C:/Users/PC/Desktop/fyd/single_cycle_processor/memory/rtl/memory_bb.v   ; --            ; --          ; --                                ;
; PARTITION_COLOR                     ; -- (Not supported for targeted family)                                  ; --            ; --          ; Top                               ;
; PARTITION_FITTER_PRESERVATION_LEVEL ; -- (Not supported for targeted family)                                  ; --            ; --          ; Top                               ;
; PARTITION_NETLIST_TYPE              ; -- (Not supported for targeted family)                                  ; --            ; --          ; Top                               ;
; PROJECT_OUTPUT_DIRECTORY            ; output_files                                                            ; --            ; --          ; --                                ;
; SYNTHESIS_ONLY_QIP                  ; On                                                                      ; --            ; --          ; --                                ;
+-------------------------------------+-------------------------------------------------------------------------+---------------+-------------+-----------------------------------+


+--------------------------------------------------------------------------------------------------------------------------+
; Flow Elapsed Time                                                                                                        ;
+----------------------+--------------+-------------------------+---------------------+------------------------------------+
; Module Name          ; Elapsed Time ; Average Processors Used ; Peak Virtual Memory ; Total CPU Time (on all processors) ;
+----------------------+--------------+-------------------------+---------------------+------------------------------------+
; Analysis & Synthesis ; 00:01:11     ; 1.0                     ; 5063 MB             ; 00:01:15                           ;
; Fitter               ; 00:18:56     ; 1.0                     ; 6361 MB             ; 00:19:11                           ;
; Assembler            ; 00:00:31     ; 1.0                     ; 4928 MB             ; 00:00:14                           ;
; Timing Analyzer      ; 00:00:58     ; 1.6                     ; 5291 MB             ; 00:00:55                           ;
; EDA Netlist Writer   ; 00:00:07     ; 1.0                     ; 4890 MB             ; 00:00:06                           ;
; Total                ; 00:21:43     ; --                      ; --                  ; 00:21:41                           ;
+----------------------+--------------+-------------------------+---------------------+------------------------------------+


+------------------------------------------------------------------------------------+
; Flow OS Summary                                                                    ;
+----------------------+------------------+------------+------------+----------------+
; Module Name          ; Machine Hostname ; OS Name    ; OS Version ; Processor type ;
+----------------------+------------------+------------+------------+----------------+
; Analysis & Synthesis ; DESKTOP-TPS7T99  ; Windows 10 ; 10.0       ; x86_64         ;
; Fitter               ; DESKTOP-TPS7T99  ; Windows 10 ; 10.0       ; x86_64         ;
; Assembler            ; DESKTOP-TPS7T99  ; Windows 10 ; 10.0       ; x86_64         ;
; Timing Analyzer      ; DESKTOP-TPS7T99  ; Windows 10 ; 10.0       ; x86_64         ;
; EDA Netlist Writer   ; DESKTOP-TPS7T99  ; Windows 10 ; 10.0       ; x86_64         ;
+----------------------+------------------+------------+------------+----------------+


------------
; Flow Log ;
------------
quartus_map --read_settings_files=on --write_settings_files=off system -c system
quartus_fit --read_settings_files=off --write_settings_files=off system -c system
quartus_asm --read_settings_files=off --write_settings_files=off system -c system
quartus_sta system -c system
quartus_eda --read_settings_files=off --write_settings_files=off system -c system



